TN:
SF:/Users/dmitry/projects/nodejs-learn/client/src/components/Hello.vue
FN:75,(anonymous_0)
FN:81,(anonymous_1)
FN:88,(anonymous_2)
FN:89,(anonymous_3)
FNF:4
FNH:0
FNDA:0,(anonymous_0)
FNDA:0,(anonymous_1)
FNDA:0,(anonymous_2)
FNDA:0,(anonymous_3)
DA:63,1
DA:75,1
DA:76,0
DA:81,0
DA:82,0
DA:83,0
DA:84,0
DA:88,0
DA:89,0
LF:9
LH:2
BRF:0
BRH:0
end_of_record
TN:
SF:/Users/dmitry/projects/nodejs-learn/client/src/App.vue
FNF:0
FNH:0
LF:0
LH:0
BRF:0
BRH:0
end_of_record
TN:
SF:/Users/dmitry/projects/nodejs-learn/client/src/components/Company.vue
FN:22,(anonymous_0)
FNF:1
FNH:0
FNDA:0,(anonymous_0)
DA:17,0
DA:22,0
DA:23,0
LF:3
LH:0
BRF:0
BRH:0
end_of_record
TN:
SF:/Users/dmitry/projects/nodejs-learn/client/src/router/index.js
FNF:0
FNH:0
DA:6,1
LF:1
LH:1
BRF:0
BRH:0
end_of_record
